<?xml version="1.0" encoding="UTF-8"?>
<!-- Generated by org.testng.reporters.JUnitReportReporter -->
<testsuite hostname="L0USMN000110689" failures="0" tests="1" name="com.util.SearchTest" time="15.901" errors="0" timestamp="2020-09-21T15:32:10 CDT" skipped="0">
  <testcase classname="com.util.SearchTest" name="ValidateSearch" time="15.901"/>
  <system-out/>
</testsuite> <!-- com.util.SearchTest -->
