<?xml version="1.0" encoding="UTF-8"?>
<!-- Generated by org.testng.reporters.JUnitReportReporter -->
<testsuite hostname="L0USMN000110689" failures="0" tests="1" name="com.sambasafety.testcases.FindBrokenLinksTest2" time="32.144" errors="0" timestamp="18 Sep 2020 15:12:13 GMT" skipped="0">
  <testcase classname="com.sambasafety.testcases.FindBrokenLinksTest2" name="BrokenLinkTest" time="32.144"/>
</testsuite> <!-- com.sambasafety.testcases.FindBrokenLinksTest2 -->
