<?xml version="1.0" encoding="UTF-8"?>
<!-- Generated by org.testng.reporters.JUnitReportReporter -->
<testsuite hostname="L0USMN000110689" failures="0" tests="4" name="com.crm.qa.testcases.LoginPageTest" time="44.397" errors="0" timestamp="07 Jul 2020 15:57:39 GMT" skipped="0">
  <testcase classname="com.crm.qa.testcases.LoginPageTest" name="verifyLoginPageTitleTest" time="10.952"/>
  <testcase classname="com.crm.qa.testcases.LoginPageTest" name="verifyLogoImageTest" time="9.567"/>
  <testcase classname="com.crm.qa.testcases.LoginPageTest" name="verifyLoginLinkTest" time="10.056"/>
  <testcase classname="com.crm.qa.testcases.LoginPageTest" name="verifyLoginTest" time="13.822"/>
</testsuite> <!-- com.crm.qa.testcases.LoginPageTest -->
