<?xml version="1.0" encoding="UTF-8"?>
<!-- Generated by org.testng.reporters.JUnitReportReporter -->
<testsuite hostname="L0USMN000110689" failures="0" tests="1" name="sambasafety.testcases.SubmitTicketTest" time="58.375" errors="0" timestamp="2020-09-21T22:56:51 CDT" skipped="0">
  <testcase classname="sambasafety.testcases.SubmitTicketTest" name="SubmitATicketTest" time="58.375"/>
  <system-out/>
</testsuite> <!-- sambasafety.testcases.SubmitTicketTest -->
