<?xml version="1.0" encoding="UTF-8"?>
<!-- Generated by org.testng.reporters.JUnitReportReporter -->
<testsuite hostname="L0USMN000110689" failures="0" tests="1" name="sambasafety.TDD.TestPassword2" time="0.011" errors="0" timestamp="2020-09-22T16:33:57 CDT" skipped="0">
  <testcase classname="sambasafety.TDD.TestPassword2" name="TestPasswordLength" time="0.011"/>
  <system-out/>
</testsuite> <!-- sambasafety.TDD.TestPassword2 -->
