<?xml version="1.0" encoding="UTF-8"?>
<!-- Generated by org.testng.reporters.JUnitReportReporter -->
<testsuite hostname="L0USMN000110689" failures="0" tests="1" name="sambasafety.testcases.SubmitTicketTest" time="45.852" errors="0" timestamp="2020-09-22T14:50:50 CDT" skipped="0">
  <testcase classname="sambasafety.testcases.SubmitTicketTest" name="SubmitATicketTest" time="45.852"/>
  <system-out/>
</testsuite> <!-- sambasafety.testcases.SubmitTicketTest -->
