<?xml version="1.0" encoding="UTF-8"?>
<!-- Generated by org.testng.reporters.JUnitReportReporter -->
<testsuite hostname="L0USMN000110689" failures="0" tests="7" name="com.testcases.HomePageTest" time="74.800" errors="0" timestamp="13 Sep 2020 17:23:46 GMT" skipped="4">
  <testcase classname="com.testcases.HomePageTest" name="HomePageTitleTest" time="24.076"/>
  <testcase classname="com.testcases.HomePageTest" name="UserNameTest" time="21.031"/>
  <testcase classname="com.testcases.HomePageTest" name="ContactsLinkTest" time="29.693"/>
  <testcase classname="com.testcases.HomePageTest" name="clickOnCompanyLinkTest">
    <skipped/>
  </testcase> <!-- clickOnCompanyLinkTest -->
  <testcase classname="com.testcases.HomePageTest" name="CalendarLinkTest">
    <skipped/>
  </testcase> <!-- CalendarLinkTest -->
  <testcase classname="com.testcases.HomePageTest" name="clickOnDealsLinkTest">
    <skipped/>
  </testcase> <!-- clickOnDealsLinkTest -->
  <testcase classname="com.testcases.HomePageTest" name="clickOnTasksLinkTest">
    <skipped/>
  </testcase> <!-- clickOnTasksLinkTest -->
</testsuite> <!-- com.testcases.HomePageTest -->
