<?xml version="1.0" encoding="UTF-8"?>
<!-- Generated by org.testng.reporters.JUnitReportReporter -->
<testsuite hostname="L0USMN000110689" failures="0" tests="4" name="com.crm.qa.testcases.ContactsPageTest" time="135.536" errors="0" timestamp="17 Jul 2020 14:08:01 GMT" skipped="0">
  <testcase classname="com.crm.qa.testcases.ContactsPageTest" name="verifyContactsPageLabel" time="29.196"/>
  <testcase classname="com.crm.qa.testcases.ContactsPageTest" name="verifySelectSingleContactsTest" time="29.042"/>
  <testcase classname="com.crm.qa.testcases.ContactsPageTest" name="verifySelectMultipleContactsTest" time="44.577"/>
  <testcase classname="com.crm.qa.testcases.ContactsPageTest" name="verifyCreateNewContact" time="32.721"/>
</testsuite> <!-- com.crm.qa.testcases.ContactsPageTest -->
