<?xml version="1.0" encoding="UTF-8"?>
<!-- Generated by org.testng.reporters.JUnitReportReporter -->
<testsuite hostname="L0USMN000110689" failures="0" tests="1" name="sambasafety.testcases.FindBrokenLinksTest" time="36.295" errors="0" timestamp="2020-09-21T17:23:44 CDT" skipped="0">
  <testcase classname="sambasafety.testcases.FindBrokenLinksTest" name="BrokenLinkTest" time="36.295"/>
  <system-out/>
</testsuite> <!-- sambasafety.testcases.FindBrokenLinksTest -->
