<?xml version="1.0" encoding="UTF-8"?>
<!-- Generated by org.testng.reporters.JUnitReportReporter -->
<testsuite hostname="L0USMN000110689" failures="0" tests="7" name="com.crm.qa.testcases.HomePageTest" time="64.251" errors="0" timestamp="04 Sep 2020 20:58:48 GMT" skipped="4">
  <testcase classname="com.crm.qa.testcases.HomePageTest" name="HomePageTitleTest" time="18.768"/>
  <testcase classname="com.crm.qa.testcases.HomePageTest" name="UserNameTest" time="22.136"/>
  <testcase classname="com.crm.qa.testcases.HomePageTest" name="ContactsLinkTest" time="23.347"/>
  <testcase classname="com.crm.qa.testcases.HomePageTest" name="clickOnCompanyLinkTest">
    <skipped/>
  </testcase> <!-- clickOnCompanyLinkTest -->
  <testcase classname="com.crm.qa.testcases.HomePageTest" name="CalendarLinkTest">
    <skipped/>
  </testcase> <!-- CalendarLinkTest -->
  <testcase classname="com.crm.qa.testcases.HomePageTest" name="clickOnDealsLinkTest">
    <skipped/>
  </testcase> <!-- clickOnDealsLinkTest -->
  <testcase classname="com.crm.qa.testcases.HomePageTest" name="clickOnTasksLinkTest">
    <skipped/>
  </testcase> <!-- clickOnTasksLinkTest -->
</testsuite> <!-- com.crm.qa.testcases.HomePageTest -->
