<?xml version="1.0" encoding="UTF-8"?>
<!-- Generated by org.testng.reporters.JUnitReportReporter -->
<testsuite hostname="L0USMN000110689" failures="0" tests="1" name="com.sambasafety.testcases.FindBrokenImagesTest" time="83.807" errors="0" timestamp="18 Sep 2020 15:14:33 GMT" skipped="0">
  <testcase classname="com.sambasafety.testcases.FindBrokenImagesTest" name="InvalidImagesTest" time="83.807"/>
</testsuite> <!-- com.sambasafety.testcases.FindBrokenImagesTest -->
