<?xml version="1.0" encoding="UTF-8"?>
<!-- Generated by org.testng.reporters.JUnitReportReporter -->
<testsuite hostname="L0USMN000110689" failures="0" tests="1" name="sambasafety.testcases.HomePageSearchTest" time="37.339" errors="0" timestamp="2020-09-22T14:50:50 CDT" skipped="0">
  <testcase classname="sambasafety.testcases.HomePageSearchTest" name="SearchTest" time="37.339"/>
  <system-out/>
</testsuite> <!-- sambasafety.testcases.HomePageSearchTest -->
