<?xml version="1.0" encoding="UTF-8"?>
<!-- Generated by org.testng.reporters.JUnitReportReporter -->
<testsuite hostname="L0USMN000110689" failures="0" tests="1" name="com.sambasafety.testcases.SubmitTicketTest" time="28.882" errors="0" timestamp="19 Sep 2020 04:31:16 GMT" skipped="0">
  <testcase classname="com.sambasafety.testcases.SubmitTicketTest" name="SubmitTicket" time="28.882"/>
</testsuite> <!-- com.sambasafety.testcases.SubmitTicketTest -->
