<?xml version="1.0" encoding="UTF-8"?>
<!-- Generated by org.testng.reporters.JUnitReportReporter -->
<testsuite hostname="L0USMN000110689" failures="0" tests="1" name="com.sambasafety.testcases.DataDrivenTest" time="10.018" errors="0" timestamp="18 Sep 2020 17:33:57 GMT" skipped="0">
  <testcase classname="com.sambasafety.testcases.DataDrivenTest" name="SubmitTicketTest" time="10.018"/>
</testsuite> <!-- com.sambasafety.testcases.DataDrivenTest -->
