<?xml version="1.0" encoding="UTF-8"?>
<!-- Generated by org.testng.reporters.JUnitReportReporter -->
<testsuite hostname="L0USMN000110689" failures="0" tests="1" name="testcases.SearchTest3" time="74.430" errors="0" timestamp="2020-09-21T15:12:56 CDT" skipped="0">
  <testcase classname="testcases.SearchTest3" name="ValidateSearch" time="74.430"/>
  <system-out/>
</testsuite> <!-- testcases.SearchTest3 -->
